<?xml version="1.0" encoding="UTF-8"?>
<!-- Generated by org.testng.reporters.JUnitReportReporter -->
<testsuite hostname="IPLND-LTP-246" failures="0" tests="4" name="cleartrip_testcases.flights_testcase" time="16.209" errors="0" timestamp="04 Sep 2018 12:11:42 GMT" skipped="0">
  <testcase classname="cleartrip_testcases.flights_testcase" name="verifying_pagination" time="0.031"/>
  <testcase classname="cleartrip_testcases.flights_testcase" name="verify_suheading" time="0.156"/>
  <testcase classname="cleartrip_testcases.flights_testcase" name="verifying_flashSale" time="15.681"/>
  <testcase classname="cleartrip_testcases.flights_testcase" name="verify_heading" time="0.341"/>
</testsuite> <!-- cleartrip_testcases.flights_testcase -->
